src/AppWrapper.tsx(1,1): error TS6133: 'React' is declared but its value is never read.
src/components/AccountNotFoundBanner.tsx(1,1): error TS6133: 'React' is declared but its value is never read.
src/components/AuthFailureBanner.tsx(1,1): error TS6133: 'React' is declared but its value is never read.
src/components/BetaLaunchSection.tsx(7,5): error TS6133: 'MotionValue' is declared but its value is never read.
src/components/calendar/calendar-view.tsx(1,8): error TS6133: 'React' is declared but its value is never read.
src/components/calendar/calendar-view.tsx(2,1): error TS6192: All imports in import declaration are unused.
src/components/calendar/calendar-view.tsx(4,1): error TS6133: 'Badge' is declared but its value is never read.
src/components/calendar/calendar-view.tsx(14,3): error TS6133: 'Clock' is declared but its value is never read.
src/components/calendar/calendar-view.tsx(15,3): error TS6133: 'Star' is declared but its value is never read.
src/components/calendar/calendar-view.tsx(16,3): error TS6133: 'TrendingUp' is declared but its value is never read.
src/components/calendar/calendar-view.tsx(17,3): error TS6133: 'Users' is declared but its value is never read.
src/components/calendar/calendar-view.tsx(18,3): error TS6133: 'Heart' is declared but its value is never read.
src/components/calendar/calendar-view.tsx(19,3): error TS6133: 'Gift' is declared but its value is never read.
src/components/calendar/calendar-view.tsx(20,3): error TS6133: 'Globe' is declared but its value is never read.
src/components/calendar/calendar-view.tsx(21,3): error TS6133: 'Zap' is declared but its value is never read.
src/components/calendar/calendar-view.tsx(22,3): error TS6133: 'Target' is declared but its value is never read.
src/components/calendar/calendar-view.tsx(23,3): error TS6133: 'Award' is declared but its value is never read.
src/components/calendar/calendar-view.tsx(85,7): error TS6133: 'socialEvents' is declared but its value is never read.
src/components/calendar/calendar-view.tsx(142,7): error TS6133: 'recommendedTimes' is declared but its value is never read.
src/components/calendar/calendar-view.tsx(195,10): error TS6133: 'selectedView' is declared but its value is never read.
src/components/calendar/calendar-view.tsx(195,24): error TS6133: 'setSelectedView' is declared but its value is never read.
src/components/calendar/calendar-view.tsx(196,10): error TS6133: 'showEventDetails' is declared but its value is never read.
src/components/calendar/calendar-view.tsx(196,28): error TS6133: 'setShowEventDetails' is declared but its value is never read.
src/components/calendar/calendar-view.tsx(224,12): error TS7053: Element implicitly has an 'any' type because expression of type 'string' can't be used to index type '{ '2025-01-01': { title: string; icon: string; hashtags: string[]; engagement: string; category: string; }; '2025-01-04': { title: string; icon: string; hashtags: string[]; engagement: string; category: string; }; ... 26 more ...; '2025-12-31': { ...; }; }'.
  No index signature with a parameter of type 'string' was found on type '{ '2025-01-01': { title: string; icon: string; hashtags: string[]; engagement: string; category: string; }; '2025-01-04': { title: string; icon: string; hashtags: string[]; engagement: string; category: string; }; ... 26 more ...; '2025-12-31': { ...; }; }'.
src/components/CinematicFeatures.tsx(27,23): error TS2769: No overload matches this call.
  The last overload gave the following error.
    Argument of type 'MotionValue<0 | 100 | -5>' is not assignable to parameter of type 'number'.
src/components/CinematicFeatures.tsx(36,5): error TS2769: No overload matches this call.
  The last overload gave the following error.
    Argument of type 'MotionValue<1 | 1.1 | 0.9>' is not assignable to parameter of type 'number'.
src/components/CinematicFeatures.tsx(45,5): error TS2769: No overload matches this call.
  The last overload gave the following error.
    Argument of type 'MotionValue<0 | 1>' is not assignable to parameter of type 'number'.
src/components/CreditSystemSection.tsx(1,8): error TS6133: 'React' is declared but its value is never read.
src/components/CreditSystemSection.tsx(2,18): error TS6133: 'useSpring' is declared but its value is never read.
src/components/CreditSystemSection.tsx(4,12): error TS6133: 'Plus' is declared but its value is never read.
src/components/CreditSystemSection.tsx(5,32): error TS6133: 'ArrowRight' is declared but its value is never read.
src/components/CreditSystemSection.tsx(6,11): error TS6133: 'Check' is declared but its value is never read.
src/components/CreditSystemSection.tsx(6,47): error TS6133: 'Infinity' is declared but its value is never read.
src/components/dashboard/drafts-section.tsx(1,1): error TS6133: 'React' is declared but its value is never read.
src/components/dashboard/engagement-calculator.tsx(1,8): error TS6133: 'React' is declared but its value is never read.
src/components/dashboard/get-started.tsx(1,1): error TS6133: 'React' is declared but its value is never read.
src/components/dashboard/instagram-webhook-listener.tsx(1,8): error TS6133: 'React' is declared but its value is never read.
src/components/dashboard/listening.tsx(1,8): error TS6133: 'React' is declared but its value is never read.
src/components/dashboard/performance-score.tsx(143,12): error TS7053: Element implicitly has an 'any' type because expression of type 'any' can't be used to index type '{ day: { emoji: string; title: string; story: string; insight: string; color: string; textColor: string; }; week: { emoji: string; title: string; story: string; insight: string; color: string; textColor: string; }; month: { ...; }; }'.
src/components/dashboard/performance-score.tsx(162,75): error TS6133: 'period' is declared but its value is never read.
src/components/dashboard/PerformanceBreakdown.tsx(36,3): error TS6133: 'formatNumber' is declared but its value is never read.
src/components/dashboard/quick-actions.tsx(1,1): error TS6133: 'React' is declared but its value is never read.
src/components/dashboard/recommendations.tsx(1,1): error TS6133: 'React' is declared but its value is never read.
src/components/dashboard/scheduled-posts.tsx(1,1): error TS6133: 'React' is declared but its value is never read.
src/components/dashboard/scheduled-posts.tsx(5,20): error TS6133: 'Clock' is declared but its value is never read.
src/components/dashboard/social-accounts.tsx(11,57): error TS6133: 'Calendar' is declared but its value is never read.
src/components/dashboard/social-accounts.tsx(11,78): error TS6133: 'Heart' is declared but its value is never read.
src/components/dashboard/social-accounts.tsx(127,44): error TS6133: 'isFetching' is declared but its value is never read.
src/components/dashboard/social-accounts.tsx(329,17): error TS6133: 'data' is declared but its value is never read.
src/components/dashboard/token-converter.tsx(1,8): error TS6133: 'React' is declared but its value is never read.
src/components/dashboard/token-converter.tsx(33,10): error TS6133: 'selectedPage' is declared but its value is never read.
src/components/dashboard/token-converter.tsx(111,13): error TS6133: 'instructionsText' is declared but its value is never read.
src/components/debug/WebSocketDebugger.tsx(1,8): error TS6133: 'React' is declared but its value is never read.
src/components/ExpandableFeatures.tsx(4,1): error TS6133: 'GlassCard' is declared but its value is never read.
src/components/GlobalLoader.tsx(1,1): error TS6133: 'React' is declared but its value is never read.
src/components/GrowthEngineSection.tsx(3,58): error TS6133: 'ArrowRight' is declared but its value is never read.
src/components/GrowthEngineSection.tsx(3,70): error TS6133: 'Zap' is declared but its value is never read.
src/components/GrowthEngineSection.tsx(3,75): error TS6133: 'ShieldCheck' is declared but its value is never read.
src/components/GrowthEngineSection.tsx(3,88): error TS6133: 'Database' is declared but its value is never read.
src/components/GrowthEngineSection.tsx(3,98): error TS6133: 'Layers' is declared but its value is never read.
src/components/layout/create-dropdown.tsx(99,39): error TS6133: 'index' is declared but its value is never read.
src/components/layout/header.tsx(1,1): error TS6133: 'React' is declared but its value is never read.
src/components/layout/header.tsx(2,24): error TS6133: 'Plus' is declared but its value is never read.
src/components/layout/header.tsx(16,37): error TS6133: 'onCreateClick' is declared but its value is never read.
src/components/layout/header.tsx(17,10): error TS6133: 'location' is declared but its value is never read.
src/components/layout/header.tsx(26,81): error TS7006: Parameter 'l' implicitly has an 'any' type.
src/components/layout/sidebar.tsx(61,9): error TS6133: 'userData' is declared but its value is never read.
src/components/layout/sidebar.tsx(115,33): error TS6133: 'event' is declared but its value is never read.
src/components/layout/sidebar.tsx(287,38): error TS6133: 'groupIndex' is declared but its value is never read.
src/components/LoadingSpinner.tsx(19,25): error TS6133: 'type' is declared but its value is never read.
src/components/onboarding/OnboardingFlow.tsx(7,18): error TS6133: 'DialogContent' is declared but its value is never read.
src/components/onboarding/OnboardingFlow.tsx(7,33): error TS6133: 'DialogOverlay' is declared but its value is never read.
src/components/onboarding/OnboardingFlow.tsx(175,44): error TS2503: Cannot find namespace 'JSX'.
src/components/ProfileDropdown.tsx(1,1): error TS6192: All imports in import declaration are unused.
src/components/ProfileDropdown.tsx(3,1): error TS6133: 'Button' is declared but its value is never read.
src/components/ProfileDropdown.tsx(49,81): error TS7006: Parameter 'l' implicitly has an 'any' type.
src/components/ProtectedRoute.tsx(9,10): error TS6133: 'location' is declared but its value is never read.
src/components/TargetAudienceSection.tsx(1,8): error TS6133: 'React' is declared but its value is never read.
src/components/TargetAudienceSection.tsx(12,3): error TS6133: 'Instagram' is declared but its value is never read.
src/components/TargetAudienceSection.tsx(13,3): error TS6133: 'Smartphone' is declared but its value is never read.
src/components/ui/radio-group.tsx(2,38): error TS2307: Cannot find module '@radix-ui/react-radio-group' or its corresponding type declarations.
src/components/ui/slider.tsx(2,34): error TS2307: Cannot find module '@radix-ui/react-slider' or its corresponding type declarations.
src/components/ui/switch.tsx(2,35): error TS2307: Cannot find module '@radix-ui/react-switch' or its corresponding type declarations.
src/components/ui/theme-selector.tsx(1,8): error TS6133: 'React' is declared but its value is never read.
src/components/ui/theme-selector.tsx(3,32): error TS6133: 'DarkThemeVariant' is declared but its value is never read.
src/components/ui/theme-selector.tsx(11,3): error TS6133: 'ChevronDown' is declared but its value is never read.
src/components/ui/theme-toggle.tsx(1,1): error TS6133: 'React' is declared but its value is never read.
src/components/ui/tooltip.tsx(2,35): error TS2307: Cannot find module '@radix-ui/react-tooltip' or its corresponding type declarations.
src/components/USPVisuals.tsx(2,10): error TS6133: 'MessageSquare' is declared but its value is never read.
src/components/USPVisuals.tsx(2,36): error TS6133: 'ArrowRight' is declared but its value is never read.
src/components/walkthrough/WalkthroughModal.tsx(160,76): error TS2322: Type 'null' is not assignable to type 'string'.
src/components/walkthrough/WalkthroughModal.tsx(168,9): error TS6133: 'displayName' is declared but its value is never read.
src/components/walkthrough/WalkthroughModal.tsx(214,28): error TS2322: Type 'string' is not assignable to type 'never'.
src/components/walkthrough/WalkthroughModal.tsx(287,28): error TS2322: Type 'string' is not assignable to type 'never'.
src/components/WorkspaceCreationOverlay.tsx(1,1): error TS6133: 'React' is declared but its value is never read.
src/hooks/use-toast.ts(42,12): error TS6133: 'forceUpdate' is declared but its value is never read.
src/hooks/useAuth.ts(1,8): error TS6133: 'React' is declared but its value is never read.
src/hooks/useCacheInvalidation.ts(61,15): error TS6133: 'getAuthToken' is declared but its value is never read.
src/hooks/useCacheInvalidation.ts(89,11): error TS2561: Object literal may only specify known properties, but 'maxReconnectionAttempts' does not exist in type 'Partial<ManagerOptions & SocketOptions>'. Did you mean to write 'reconnectionAttempts'?
src/lib/auth-cookies.ts(90,9): error TS2322: Type '{ 'X-CSRF-Token': string; 'Content-Type': string; } | { 'X-CSRF-Token': string; length: number; toString(): string; toLocaleString(): string; toLocaleString(locales: string | string[], options?: (NumberFormatOptions & DateTimeFormatOptions) | undefined): string; ... 32 more ...; 'Content-Type': string; } | { ...; } ...' is not assignable to type '{ 'Content-Type': string; } | { length: number; toString(): string; toLocaleString(): string; toLocaleString(locales: string | string[], options?: (NumberFormatOptions & DateTimeFormatOptions) | undefined): string; ... 32 more ...; 'Content-Type': string; } | { ...; } | { ...; }'.
  Object literal may only specify known properties, and ''X-CSRF-Token'' does not exist in type '{ 'Content-Type': string; } | { length: number; toString(): string; toLocaleString(): string; toLocaleString(locales: string | string[], options?: (NumberFormatOptions & DateTimeFormatOptions) | undefined): string; ... 32 more ...; 'Content-Type': string; } | { ...; } | { ...; }'.
src/lib/frontend-performance.tsx(438,11): error TS7034: Variable 'criticalImages' implicitly has type 'any[]' in some locations where its type cannot be determined.
src/lib/frontend-performance.tsx(442,5): error TS7005: Variable 'criticalImages' implicitly has an 'any[]' type.
src/lib/lighthouse-monitoring.tsx(168,47): error TS6133: 'current' is declared but its value is never read.
src/lib/lighthouse-monitoring.tsx(168,64): error TS6133: 'target' is declared but its value is never read.
src/lib/mobile-excellence.ts(6,27): error TS6133: 'initializeMobileOptimization' is declared but its value is never read.
src/lib/mobile-excellence.ts(7,32): error TS6133: 'initializeCrossBrowserCompatibility' is declared but its value is never read.
src/lib/mobile-excellence.ts(8,29): error TS6133: 'initializeMobilePerformance' is declared but its value is never read.
src/lib/mobile-excellence.ts(182,9): error TS6133: 'gestureStartTime' is declared but its value is never read.
src/lib/mobile-excellence.ts(458,24): error TS6133: 'height' is declared but its value is never read.
src/lib/mobile-optimization.ts(71,11): error TS2564: Property 'deviceInfo' has no initializer and is not definitely assigned in the constructor.
src/lib/mobile-optimization.ts(74,11): error TS6133: 'touchStartPos' is declared but its value is never read.
src/lib/mobile-optimization.ts(508,22): error TS6133: 'handler' is declared but its value is never read.
src/lib/p6-integration.tsx(10,10): error TS6133: 'initializeUXEnhancements' is declared but its value is never read.
src/lib/p6-integration.tsx(10,47): error TS6133: 'useUX' is declared but its value is never read.
src/lib/p6-integration.tsx(10,54): error TS6133: 'useLoading' is declared but its value is never read.
src/lib/p6-integration.tsx(10,66): error TS6133: 'useToasts' is declared but its value is never read.
src/lib/p6-integration.tsx(10,77): error TS6133: 'useAutoSave' is declared but its value is never read.
src/lib/p6-integration.tsx(11,1): error TS6192: All imports in import declaration are unused.
src/lib/p6-integration.tsx(12,10): error TS6133: 'initializeFrontendPerformance' is declared but its value is never read.
src/lib/p6-integration.tsx(12,71): error TS6133: 'usePerformance' is declared but its value is never read.
src/lib/p6-integration.tsx(12,87): error TS6133: 'OptimizedImage' is declared but its value is never read.
src/lib/p6-integration.tsx(49,42): error TS6133: 'config' is declared but its value is never read.
src/lib/p6-integration.tsx(366,24): error TS6133: 'id' is declared but its value is never read.
src/lib/preload-strategies.tsx(95,47): error TS6133: 'priority' is declared but its value is never read.
src/lib/queryClient.ts(82,9): error TS2322: Type '{ Authorization: string; 'Content-Type': string; 'Cache-Control': string; Pragma: string; } | { Authorization: string; length: number; toString(): string; toLocaleString(): string; toLocaleString(locales: string | string[], options?: (NumberFormatOptions & DateTimeFormatOptions) | undefined): string; ... 34 more ......' is not assignable to type '{ 'Content-Type': string; 'Cache-Control': string; Pragma: string; } | { length: number; toString(): string; toLocaleString(): string; toLocaleString(locales: string | string[], options?: (NumberFormatOptions & DateTimeFormatOptions) | undefined): string; ... 34 more ...; Pragma: string; } | { ...; } | { ...; }'.
  Object literal may only specify known properties, and ''Authorization'' does not exist in type '{ 'Content-Type': string; 'Cache-Control': string; Pragma: string; } | { length: number; toString(): string; toLocaleString(): string; toLocaleString(locales: string | string[], options?: (NumberFormatOptions & DateTimeFormatOptions) | undefined): string; ... 34 more ...; Pragma: string; } | { ...; } | { ...; }'.
src/lib/reconnect.ts(17,33): error TS7006: Parameter 'a' implicitly has an 'any' type.
src/lib/ux-enhancement.ts(98,14): error TS2576: Property 'handleGlobalError' does not exist on type 'UXManager'. Did you mean to access the static member 'UXManager.handleGlobalError' instead?
src/lib/ux-enhancement.ts(103,14): error TS2576: Property 'handleGlobalError' does not exist on type 'UXManager'. Did you mean to access the static member 'UXManager.handleGlobalError' instead?
src/main.tsx(78,10): error TS6133: 'currentPath' is declared but its value is never read.
src/pages/AdminPanel.tsx(1,8): error TS6133: 'React' is declared but its value is never read.
src/pages/AdminPanel.tsx(6,3): error TS6133: 'Filter' is declared but its value is never read.
src/pages/AdminPanel.tsx(13,3): error TS6133: 'Mail' is declared but its value is never read.
src/pages/AdminPanel.tsx(14,3): error TS6133: 'Calendar' is declared but its value is never read.
src/pages/AdminPanel.tsx(15,3): error TS6133: 'Clock' is declared but its value is never read.
src/pages/AdminPanel.tsx(16,3): error TS6133: 'User' is declared but its value is never read.
src/pages/AdminPanel.tsx(18,3): error TS6133: 'TrendingUp' is declared but its value is never read.
src/pages/AdminPanel.tsx(19,3): error TS6133: 'AlertTriangle' is declared but its value is never read.
src/pages/AdminPanel.tsx(21,3): error TS6133: 'ChevronDown' is declared but its value is never read.
src/pages/AdminPanel.tsx(30,60): error TS6133: 'DialogTrigger' is declared but its value is never read.
src/pages/AdminPanel.tsx(33,1): error TS6192: All imports in import declaration are unused.
src/pages/AdminPanel.tsx(37,1): error TS6133: 'apiRequest' is declared but its value is never read.
src/pages/AdminPanel.tsx(171,11): error TS6196: 'WaitlistStats' is declared but never used.
src/pages/AutomationStepByStep.tsx(24,3): error TS6133: 'UserPlus' is declared but its value is never read.
src/pages/AutomationStepByStep.tsx(25,3): error TS6133: 'Share2' is declared but its value is never read.
src/pages/AutomationStepByStep.tsx(28,3): error TS6133: 'Clock' is declared but its value is never read.
src/pages/AutomationStepByStep.tsx(29,3): error TS6133: 'Brain' is declared but its value is never read.
src/pages/AutomationStepByStep.tsx(30,3): error TS6133: 'Shield' is declared but its value is never read.
src/pages/AutomationStepByStep.tsx(31,3): error TS6133: 'BarChart3' is declared but its value is never read.
src/pages/AutomationStepByStep.tsx(32,3): error TS6133: 'Globe' is declared but its value is never read.
src/pages/AutomationStepByStep.tsx(42,3): error TS6133: 'Reply' is declared but its value is never read.
src/pages/AutomationStepByStep.tsx(492,11): error TS6196: 'Comment' is declared but never used.
src/pages/AutomationStepByStep.tsx(503,95): error TS6133: 'dmMessage' is declared but its value is never read.
src/pages/AutomationStepByStep.tsx(503,188): error TS6133: 'getCurrentKeywords' is declared but its value is never read.
src/pages/AutomationStepByStep.tsx(503,246): error TS6133: 'currentTime' is declared but its value is never read.
src/pages/AutomationStepByStep.tsx(569,9): error TS6133: 'generateTimestamp' is declared but its value is never read.
src/pages/AutomationStepByStep.tsx(572,11): error TS6133: 'timeAgo' is declared but its value is never read.
src/pages/AutomationStepByStep.tsx(1025,28): error TS2304: Cannot find name 'keywords'.
src/pages/AutomationStepByStep.tsx(1026,53): error TS2304: Cannot find name 'keywords'.
src/pages/AutomationStepByStep.tsx(1027,25): error TS2304: Cannot find name 'setKeywords'.
src/pages/AutomationStepByStep.tsx(1031,28): error TS2304: Cannot find name 'dmKeywords'.
src/pages/AutomationStepByStep.tsx(1032,53): error TS2304: Cannot find name 'dmKeywords'.
src/pages/AutomationStepByStep.tsx(1033,25): error TS2304: Cannot find name 'setDmKeywords'.
src/pages/AutomationStepByStep.tsx(1037,28): error TS2304: Cannot find name 'commentKeywords'.
src/pages/AutomationStepByStep.tsx(1038,53): error TS2304: Cannot find name 'commentKeywords'.
src/pages/AutomationStepByStep.tsx(1039,25): error TS2304: Cannot find name 'setCommentKeywords'.
src/pages/AutomationStepByStep.tsx(1090,9): error TS6133: 'queryClient' is declared but its value is never read.
src/pages/AutomationStepByStep.tsx(1095,10): error TS6133: 'selectedPlatform' is declared but its value is never read.
src/pages/AutomationStepByStep.tsx(1099,10): error TS6133: 'selectedAutomationType' is declared but its value is never read.
src/pages/AutomationStepByStep.tsx(1127,5): error TS2769: No overload matches this call.
  Overload 1 of 3, '(options: DefinedInitialDataOptions<(previousData: any) => any, Error, (previousData: any) => any, (string | undefined)[]>, queryClient?: QueryClient | undefined): DefinedUseQueryResult<...>', gave the following error.
    Object literal may only specify known properties, and 'keepPreviousData' does not exist in type 'DefinedInitialDataOptions<(previousData: any) => any, Error, (previousData: any) => any, (string | undefined)[]>'.
  Overload 2 of 3, '(options: UndefinedInitialDataOptions<any, Error, any, (string | undefined)[]>, queryClient?: QueryClient | undefined): UseQueryResult<...>', gave the following error.
    Object literal may only specify known properties, and 'keepPreviousData' does not exist in type 'UndefinedInitialDataOptions<any, Error, any, (string | undefined)[]>'.
  Overload 3 of 3, '(options: UseQueryOptions<any, Error, any, (string | undefined)[]>, queryClient?: QueryClient | undefined): UseQueryResult<any, Error>', gave the following error.
    Object literal may only specify known properties, and 'keepPreviousData' does not exist in type 'UseQueryOptions<any, Error, any, (string | undefined)[]>'.
src/pages/AutomationStepByStep.tsx(1150,39): error TS6133: 'postsLoading' is declared but its value is never read.
src/pages/AutomationStepByStep.tsx(1150,65): error TS6133: 'postsFetching' is declared but its value is never read.
src/pages/AutomationStepByStep.tsx(1165,5): error TS2769: No overload matches this call.
  Overload 1 of 3, '(options: DefinedInitialDataOptions<(previousData: any) => any, Error, (previousData: any) => any, any[]>, queryClient?: QueryClient | undefined): DefinedUseQueryResult<...>', gave the following error.
    Object literal may only specify known properties, and 'keepPreviousData' does not exist in type 'DefinedInitialDataOptions<(previousData: any) => any, Error, (previousData: any) => any, any[]>'.
  Overload 2 of 3, '(options: UndefinedInitialDataOptions<any, Error, any, any[]>, queryClient?: QueryClient | undefined): UseQueryResult<any, Error>', gave the following error.
    Object literal may only specify known properties, and 'keepPreviousData' does not exist in type 'UndefinedInitialDataOptions<any, Error, any, any[]>'.
  Overload 3 of 3, '(options: UseQueryOptions<any, Error, any, any[]>, queryClient?: QueryClient | undefined): UseQueryResult<any, Error>', gave the following error.
    Object literal may only specify known properties, and 'keepPreviousData' does not exist in type 'UseQueryOptions<any, Error, any, any[]>'.
src/pages/AutomationStepByStep.tsx(1176,9): error TS6133: 'videoStateRef' is declared but its value is never read.
src/pages/AutomationStepByStep.tsx(1177,10): error TS6133: 'isUpdatingData' is declared but its value is never read.
src/pages/AutomationStepByStep.tsx(1177,26): error TS6133: 'setIsUpdatingData' is declared but its value is never read.
src/pages/AutomationStepByStep.tsx(1219,10): error TS6133: 'commentReply' is declared but its value is never read.
src/pages/AutomationStepByStep.tsx(1219,24): error TS6133: 'setCommentReply' is declared but its value is never read.
src/pages/AutomationStepByStep.tsx(1240,5): error TS2769: No overload matches this call.
  Overload 1 of 3, '(options: DefinedInitialDataOptions<(previousData: any) => any, Error, (previousData: any) => any, any[]>, queryClient?: QueryClient | undefined): DefinedUseQueryResult<...>', gave the following error.
    Object literal may only specify known properties, and 'keepPreviousData' does not exist in type 'DefinedInitialDataOptions<(previousData: any) => any, Error, (previousData: any) => any, any[]>'.
  Overload 2 of 3, '(options: UndefinedInitialDataOptions<any, Error, any, any[]>, queryClient?: QueryClient | undefined): UseQueryResult<any, Error>', gave the following error.
    Object literal may only specify known properties, and 'keepPreviousData' does not exist in type 'UndefinedInitialDataOptions<any, Error, any, any[]>'.
  Overload 3 of 3, '(options: UseQueryOptions<any, Error, any, any[]>, queryClient?: QueryClient | undefined): UseQueryResult<any, Error>', gave the following error.
    Object literal may only specify known properties, and 'keepPreviousData' does not exist in type 'UseQueryOptions<any, Error, any, any[]>'.
src/pages/AutomationStepByStep.tsx(1327,10): error TS6133: 'previewComment' is declared but its value is never read.
src/pages/AutomationStepByStep.tsx(1327,26): error TS6133: 'setPreviewComment' is declared but its value is never read.
src/pages/AutomationStepByStep.tsx(1348,23): error TS6133: 'setCurrentTime' is declared but its value is never read.
src/pages/AutomationStepByStep.tsx(1520,9): error TS6133: 'platforms' is declared but its value is never read.
src/pages/AutomationStepByStep.tsx(1529,9): error TS6133: 'getContentTypesByPlatform' is declared but its value is never read.
src/pages/AutomationStepByStep.tsx(1676,39): error TS7006: Parameter 'accountId' implicitly has an 'any' type.
src/pages/AutomationStepByStep.tsx(1836,26): error TS7006: Parameter 'index' implicitly has an 'any' type.
src/pages/AutomationStepByStep.tsx(1859,28): error TS7006: Parameter 'index' implicitly has an 'any' type.
src/pages/AutomationStepByStep.tsx(1882,33): error TS7006: Parameter 'index' implicitly has an 'any' type.
src/pages/AutomationStepByStep.tsx(2723,11): error TS6133: 'currentKeywords' is declared but its value is never read.
src/pages/AutomationStepByStep.tsx(2977,11): error TS6133: 'platformName' is declared but its value is never read.
src/pages/AutomationStepByStep.tsx(3081,11): error TS6133: 'getCurrentMessage' is declared but its value is never read.
src/pages/AutomationStepByStep.tsx(3095,11): error TS6133: 'getDMMessage' is declared but its value is never read.
src/pages/AutomationStepByStep.tsx(3713,9): error TS6133: 'handleAutomationTypeSelect' is declared but its value is never read.
src/pages/AutomationStepByStep.tsx(3779,13): error TS2322: Type 'unknown' is not assignable to type 'any[]'.
src/pages/EncryptionHealth.tsx(1,8): error TS6133: 'React' is declared but its value is never read.
src/pages/InstagramDiagnostics.tsx(1,8): error TS6133: 'React' is declared but its value is never read.
src/pages/Integration.tsx(134,10): error TS6133: 'isProcessingOAuth' is declared but its value is never read.
src/pages/Landing3D.tsx(1,8): error TS6133: 'React' is declared but its value is never read.
src/pages/Landing3DAdvanced.tsx(2,28): error TS6133: 'useThree' is declared but its value is never read.
src/pages/Landing3DAdvanced.tsx(8,3): error TS6133: 'Text3D' is declared but its value is never read.
src/pages/Landing3DAdvanced.tsx(9,3): error TS6133: 'useTexture' is declared but its value is never read.
src/pages/Landing3DAdvanced.tsx(10,3): error TS6133: 'PerspectiveCamera' is declared but its value is never read.
src/pages/Landing3DAdvanced.tsx(14,3): error TS6133: 'useScroll' is declared but its value is never read.
src/pages/Landing3DAdvanced.tsx(15,3): error TS2305: Module '"@react-three/drei"' has no exported member 'useTransform'.
src/pages/Landing3DAdvanced.tsx(15,3): error TS6133: 'useTransform' is declared but its value is never read.
src/pages/Landing3DAdvanced.tsx(16,3): error TS6133: 'Sphere' is declared but its value is never read.
src/pages/Landing3DAdvanced.tsx(17,3): error TS6133: 'Box' is declared but its value is never read.
src/pages/Landing3DAdvanced.tsx(18,3): error TS6133: 'Torus' is declared but its value is never read.
src/pages/Landing3DAdvanced.tsx(19,3): error TS6133: 'Cone' is declared but its value is never read.
src/pages/Landing3DAdvanced.tsx(20,3): error TS6133: 'Octahedron' is declared but its value is never read.
src/pages/Landing3DAdvanced.tsx(25,22): error TS6133: 'Sparkles' is declared but its value is never read.
src/pages/Landing3DAdvanced.tsx(25,51): error TS6133: 'BarChart3' is declared but its value is never read.
src/pages/Landing3DAdvanced.tsx(25,62): error TS6133: 'Rocket' is declared but its value is never read.
src/pages/Landing3DAdvanced.tsx(25,70): error TS6133: 'Star' is declared but its value is never read.
src/pages/Landing3DAdvanced.tsx(25,76): error TS6133: 'CheckCircle' is declared but its value is never read.
src/pages/Landing3DAdvanced.tsx(101,24): error TS6133: 'mousePosition' is declared but its value is never read.
src/pages/Landing3DAdvanced.tsx(140,10): error TS2741: Property 'args' is missing in type '{ attach: string; count: number; array: Float32Array<ArrayBuffer>; itemSize: number; }' but required in type 'Mutable<Overwrite<Partial<Overwrite<BufferAttribute, MathProps<BufferAttribute> & ReactProps<BufferAttribute>>>, Omit<...>>>'.
src/pages/Landing3DAdvanced.tsx(146,10): error TS2741: Property 'args' is missing in type '{ attach: string; count: number; array: Float32Array<ArrayBuffer>; itemSize: number; }' but required in type 'Mutable<Overwrite<Partial<Overwrite<BufferAttribute, MathProps<BufferAttribute> & ReactProps<BufferAttribute>>>, Omit<...>>>'.
src/pages/RobotHeroLanding.tsx(12,10): error TS6133: 'progress' is declared but its value is never read.
src/pages/RobotHeroLanding.tsx(12,20): error TS6133: 'setProgress' is declared but its value is never read.
src/pages/RobotHeroLanding.tsx(58,14): error TS2322: Type '{ children: string; jsx: true; }' is not assignable to type 'DetailedHTMLProps<StyleHTMLAttributes<HTMLStyleElement>, HTMLStyleElement>'.
  Property 'jsx' does not exist on type 'DetailedHTMLProps<StyleHTMLAttributes<HTMLStyleElement>, HTMLStyleElement>'.
src/pages/SignIn.tsx(14,49): error TS6133: 'onSubmit' is declared but its value is never read.
src/pages/SignIn.tsx(115,15): error TS2554: Expected 3 arguments, but got 2.
src/pages/SignUpIntegrated.tsx(3,145): error TS6133: 'Award' is declared but its value is never read.
src/pages/SplineKeyboardLanding.tsx(1,8): error TS6133: 'React' is declared but its value is never read.
src/pages/SplineKeyboardLanding.tsx(75,14): error TS2322: Type '{ children: string; jsx: true; }' is not assignable to type 'DetailedHTMLProps<StyleHTMLAttributes<HTMLStyleElement>, HTMLStyleElement>'.
  Property 'jsx' does not exist on type 'DetailedHTMLProps<StyleHTMLAttributes<HTMLStyleElement>, HTMLStyleElement>'.
src/pages/VideoGeneratorAdvanced.tsx(1,8): error TS6133: 'React' is declared but its value is never read.
src/pages/VideoGeneratorAdvanced.tsx(5,1): error TS6133: 'Textarea' is declared but its value is never read.
src/pages/VideoGeneratorAdvanced.tsx(47,3): error TS6133: 'Globe' is declared but its value is never read.
src/pages/VideoGeneratorAdvanced.tsx(54,3): error TS6133: 'Timer' is declared but its value is never read.
src/pages/VideoGeneratorAdvanced.tsx(55,3): error TS6133: 'Monitor' is declared but its value is never read.
src/pages/VideoGeneratorAdvanced.tsx(312,33): error TS7006: Parameter 'job' implicitly has an 'any' type.
src/pages/VideoGeneratorAdvanced.tsx(395,39): error TS2559: Type 'string[]' has no properties in common with type 'InvalidateQueryFilters<readonly unknown[]>'.
src/pages/VideoGeneratorAdvanced.tsx(433,39): error TS2559: Type 'string[]' has no properties in common with type 'InvalidateQueryFilters<readonly unknown[]>'.
src/pages/VideoGeneratorAdvanced.tsx(434,39): error TS2559: Type 'string[]' has no properties in common with type 'InvalidateQueryFilters<readonly unknown[]>'.
src/pages/VideoGeneratorAdvanced.tsx(664,52): error TS7006: Parameter 'project' implicitly has an 'any' type.
src/pages/VideoGeneratorAdvanced.tsx(908,22): error TS2353: Object literal may only specify known properties, and 'WebkitFocusRingColor' does not exist in type 'Properties<string | number, string & {}>'.
src/pages/VideoGeneratorAdvanced.tsx(1508,11): error TS2367: This comparison appears to be unintentional because the types 'boolean' and 'string' have no overlap.
src/pages/VideoGeneratorAdvanced.tsx(1692,71): error TS2345: Argument of type 'string' is not assignable to parameter of type 'never'.
src/pages/VideoGeneratorAdvanced.tsx(1696,75): error TS2322: Type 'string' is not assignable to type 'never'.
src/pages/VideoGeneratorAdvanced.tsx(1696,87): error TS2322: Type 'string' is not assignable to type 'never'.
src/pages/VideoGeneratorAdvanced.tsx(1724,29): error TS2322: Type 'true | "none"' is not assignable to type 'string | number | readonly string[] | undefined'.
  Type 'true' is not assignable to type 'string | number | readonly string[] | undefined'.
src/pages/VideoGeneratorAdvanced.tsx(1725,72): error TS2322: Type 'string' is not assignable to type 'boolean'.
src/pages/VideoGeneratorAdvanced.tsx(1805,22): error TS2367: This comparison appears to be unintentional because the types 'boolean' and 'string' have no overlap.
src/pages/VideoGeneratorAdvanced.tsx(2665,9): error TS6133: 'renderAdvancedSettings' is declared but its value is never read.
src/pages/Waitlist.tsx(14,3): error TS6133: 'Crown' is declared but its value is never read.
src/pages/Waitlist.tsx(22,3): error TS6133: 'CheckCircle' is declared but its value is never read.
src/pages/Waitlist.tsx(23,3): error TS6133: 'Flame' is declared but its value is never read.
src/pages/Waitlist.tsx(28,3): error TS6133: 'Rocket' is declared but its value is never read.
src/pages/Waitlist.tsx(161,23): error TS6133: 'setCurrentDemo' is declared but its value is never read.
src/pages/Waitlist.tsx(164,21): error TS6133: 'setTypedText' is declared but its value is never read.
src/pages/Waitlist.tsx(165,20): error TS6133: 'setIsTyping' is declared but its value is never read.
src/pages/Waitlist.tsx(168,26): error TS6133: 'setCurrentFeature' is declared but its value is never read.
src/pages/Waitlist.tsx(648,9): error TS6133: 'SuccessModal' is declared but its value is never read.
src/pages/Waitlist.tsx(854,32): error TS6133: 'i' is declared but its value is never read.
src/pages/Waitlist.tsx(1855,31): error TS2339: Property 'desc' does not exist on type '{ value: string; label: string; icon: string; desc: string; } | { value: string; label: string; icon: string; }'.
  Property 'desc' does not exist on type '{ value: string; label: string; icon: string; }'.
src/pages/Waitlist.tsx(1859,35): error TS2339: Property 'desc' does not exist on type '{ value: string; label: string; icon: string; desc: string; } | { value: string; label: string; icon: string; }'.
  Property 'desc' does not exist on type '{ value: string; label: string; icon: string; }'.
src/pages/Workspaces.tsx(120,27): error TS6133: 'newWorkspace' is declared but its value is never read.
src/pages/Workspaces.tsx(158,27): error TS6133: 'variables' is declared but its value is never read.
src/pages/Workspaces.tsx(195,27): error TS6133: 'id' is declared but its value is never read.
src/utils/workspaceValidator.ts(23,11): error TS6196: 'Workspace' is declared but never used.
src/utils/workspaceValidator.ts(33,20): error TS6133: 'MAX_RETRIES' is declared but its value is never read.
